2024-11-11 19:45:04,669 - Summarization Agent - INFO - Starting summarization...
2024-11-11 19:45:04,670 - Summarization Agent - DEBUG - Generating initial summary...
2024-11-11 19:45:07,946 - Summarization Agent - INFO - Received response: President-elect Donald Trump has announced that Tom Homan, former acting director of U.S. Immigration and Customs Enforcement, will serve as the "border czar" in his upcoming administration, overseeing all aspects of border security and deportation. Trump's plan includes the largest deportation operation in U.S. history, a move Homan insists will be carried out in a "humane manner" by ICE without military involvement. This role, central to Trump's agenda, does not require Senate confirmation, and Homan has expressed commitment to executing these plans efficiently and effectively.
2024-11-11 19:45:07,947 - Summarization Agent - INFO - Summary generated successfully.
2024-11-11 19:46:17,645 - Summarization Agent - INFO - Starting summarization...
2024-11-11 19:46:17,646 - Summarization Agent - DEBUG - Generating initial summary...
2024-11-11 19:46:20,230 - Summarization Agent - INFO - Received response: President-elect Donald Trump announced that Tom Homan, the former acting U.S. Immigration and Customs Enforcement director, will serve as the "border czar" in his upcoming administration, overseeing all aspects of border security and deportation operations. This role aligns with Trump's agenda to initiate the largest deportation operation in U.S. history, though Homan emphasized that the actions would be conducted humanely and targeted. While the position does not require Senate confirmation, Homan has been vocal about his commitment to prioritizing national security and conducting extensive deportations if Trump resumes office.
2024-11-11 19:46:20,230 - Summarization Agent - INFO - Summary generated successfully.
2024-11-11 19:54:54,959 - Summarization Agent - INFO - Starting summarization...
2024-11-11 19:54:54,960 - Summarization Agent - DEBUG - Generating initial summary...
2024-11-11 19:54:57,742 - Summarization Agent - INFO - Received response: President-elect Donald Trump announced that Tom Homan, former acting director of U.S. Immigration and Customs Enforcement (ICE), will serve as "border czar" in his administration, responsible for overseeing the country's borders and deportation operations. Homan's role includes managing security at borders, maritime, and aviation points, as well as handling the deportation of illegal immigrants, which is central to Trump's agenda. Homan assured that these operations would be conducted humanely and strategically by ICE, emphasizing the efficiency of the organization's personnel in executing such tasks.
2024-11-11 19:54:57,742 - Summarization Agent - INFO - Summary generated successfully.
2024-11-11 19:54:57,743 - Summarization Agent - INFO - Starting summarization...
2024-11-11 19:54:57,744 - Summarization Agent - DEBUG - Generating initial summary...
2024-11-11 19:54:59,764 - Summarization Agent - INFO - Received response: U.S. President-elect Donald Trump has appointed longtime adviser and immigration hard-liner Stephen Miller as deputy chief of policy in his new administration. Miller, a central figure in Trump's previous administration known for his hard-line immigration policies and speeches, has continued to play an active role in Trump's campaigns and conservative legal advocacy with America First Legal. His recent appointment, confirmed by Vice President-elect JD Vance, does not require Senate confirmation.
2024-11-11 19:54:59,765 - Summarization Agent - INFO - Summary generated successfully.
2024-11-11 19:54:59,765 - Summarization Agent - INFO - Starting summarization...
2024-11-11 19:54:59,766 - Summarization Agent - DEBUG - Generating initial summary...
2024-11-11 19:55:02,463 - Summarization Agent - INFO - Received response: The Kremlin has denied reports that a call took place between U.S. President-elect Donald Trump and Russian President Vladimir Putin, where Trump allegedly urged restraint in Ukraine, labeling the claims as "pure fiction." Trump's team did not comment on the alleged private calls, while his communications director stated that world leaders have begun reaching out to the president-elect. Amid these denials, concerns persist about the potential implications of U.S. foreign policy under Trump, with European allies emphasizing the importance of continued support for Ukraine against Russian aggression.
2024-11-11 19:55:02,464 - Summarization Agent - INFO - Summary generated successfully.
2024-11-11 19:55:02,464 - Summarization Agent - INFO - Starting summarization...
2024-11-11 19:55:02,465 - Summarization Agent - DEBUG - Generating initial summary...
2024-11-11 19:55:04,329 - Summarization Agent - INFO - Received response: President-elect Donald Trump is set to appoint Stephen Miller, his top immigration adviser and a strong advocate for restrictive immigration policies, as White House deputy chief of staff for policy. Miller, who spearheaded controversial immigration measures during Trump's first term, is planning for a significant increase in deportations, intending to expand them to over 1 million per year. Despite Trump distancing himself from Project 2025, a conservative blueprint tied to Miller, the latter remains committed to implementing stringent immigration enforcement and has indicated the possibility of constructing new detention centers using federal power in a second Trump administration.
2024-11-11 19:55:04,330 - Summarization Agent - INFO - Summary generated successfully.
2024-11-11 19:55:04,330 - Summarization Agent - INFO - Starting summarization...
2024-11-11 19:55:04,331 - Summarization Agent - DEBUG - Generating initial summary...
2024-11-11 19:55:06,523 - Summarization Agent - INFO - Received response: President-elect Donald Trump has nominated Republican Congresswoman Elise Stefanik as the US ambassador to the United Nations, highlighting her strong support for Israel and criticism of the UN's stance against Hamas. Stefanik, a long-time ally of Trump with limited foreign policy experience, aims to succeed career diplomat Linda Thomas-Greenfield, pending Senate confirmation. The New York Congresswoman expressed her commitment to fostering strong partnerships with US allies and has gained national attention for her outspoken support of Israel, particularly following recent events involving Hamas.
2024-11-11 19:55:06,523 - Summarization Agent - INFO - Summary generated successfully.
2024-11-11 19:55:06,524 - Summarization Agent - INFO - Starting summarization...
2024-11-11 19:55:06,524 - Summarization Agent - DEBUG - Generating initial summary...
2024-11-11 19:55:07,973 - Summarization Agent - INFO - Received response: President-elect Donald Trump spoke with Russian President Vladimir Putin, advising against escalating the war in Ukraine and highlighting the U.S. military presence in Europe, after his election victory. Trump expressed interest in achieving European peace and resolving the Ukrainian conflict, and has privately suggested supporting a deal where Russia retains some captured territories. The call, which was not previously reported, is part of Trump's outreach to global leaders amid concerns over his unpredictable approach to international diplomacy and his skepticism towards established governmental channels.
2024-11-11 19:55:07,973 - Summarization Agent - INFO - Summary generated successfully.
2024-11-11 19:55:07,974 - Summarization Agent - INFO - Starting summarization...
2024-11-11 19:55:07,975 - Summarization Agent - DEBUG - Generating initial summary...
2024-11-11 19:55:10,327 - Summarization Agent - INFO - Received response: Conflicting reports have emerged regarding a purported phone call between U.S. president-elect Donald Trump and Russian President Vladimir Putin, with an unnamed source claiming Trump advised Putin not to escalate the Ukraine war, while the Kremlin denied any such conversation occurred. Trump's criticism of extensive U.S. military and financial aid to Ukraine, and suggestions that Ukraine might need to cede territory for peace, stand in contrast to President Biden's steadfast support for Ukraine, which may change with a Republican-controlled Senate under Trump's incoming administration. Meanwhile, Ukraine continues to engage in significant military actions against Russia, highlighting ongoing tensions as allies express concerns over the implications of Trump's policies and potential diplomatic strategy for the conflict.
2024-11-11 19:55:10,327 - Summarization Agent - INFO - Summary generated successfully.
